#
# There is insufficient memory for the Java Runtime Environment to continue.
# Native memory allocation (malloc) failed to allocate 611936 bytes for Chunk::new
# Possible reasons:
#   The system is out of physical RAM or swap space
#   The process is running with CompressedOops enabled, and the Java Heap may be blocking the growth of the native heap
# Possible solutions:
#   Reduce memory load on the system
#   Increase physical memory or swap space
#   Check if swap backing store is full
#   Decrease Java heap size (-Xmx/-Xms)
#   Decrease number of Java threads
#   Decrease Java thread stack sizes (-Xss)
#   Set larger code cache with -XX:ReservedCodeCacheSize=
#   JVM is running with Unscaled Compressed Oops mode in which the Java heap is
#     placed in the first 4GB address space. The Java Heap base address is the
#     maximum limit for the native heap growth. Please use -XX:HeapBaseMinAddress
#     to set the Java Heap base and to place the Java Heap above 4GB virtual address.
# This output file may be truncated or incomplete.
#
#  Out of Memory Error (arena.cpp:189), pid=10652, tid=11720
#
# JRE version: OpenJDK Runtime Environment Temurin-17.0.7+7 (17.0.7+7) (build 17.0.7+7)
# Java VM: OpenJDK 64-Bit Server VM Temurin-17.0.7+7 (17.0.7+7, mixed mode, tiered, compressed oops, compressed class ptrs, g1 gc, windows-amd64)
# No core dump will be written. Minidumps are not enabled by default on client versions of Windows
#

---------------  S U M M A R Y ------------

Command Line: -XX:+ShowCodeDetailsInExceptionMessages com.covid.Covid19VaccinationApplication

Host: Intel(R) Core(TM) i3-6100U CPU @ 2.30GHz, 4 cores, 3G,  Windows 10 , 64 bit Build 19041 (10.0.19041.2788)
Time: Tue May  9 04:34:08 2023 India Standard Time elapsed time: 301.316271 seconds (0d 0h 5m 1s)

---------------  T H R E A D  ---------------

Current thread (0x0000021be078a320):  JavaThread "C2 CompilerThread0" daemon [_thread_in_native, id=11720, stack(0x00000038ed600000,0x00000038ed700000)]


Current CompileTask:
C2: 301316 6367       4       sun.invoke.util.BytecodeDescriptor::unparseSig (49 bytes)

Stack: [0x00000038ed600000,0x00000038ed700000]
Native frames: (J=compiled Java code, j=interpreted, Vv=VM code, C=native code)
V  [jvm.dll+0x67754a]
V  [jvm.dll+0x834304]
V  [jvm.dll+0x835aae]
V  [jvm.dll+0x836113]
V  [jvm.dll+0x24696f]
V  [jvm.dll+0xac0ac]
V  [jvm.dll+0xac67c]
V  [jvm.dll+0x2adbef]
V  [jvm.dll+0x580067]
V  [jvm.dll+0x221e72]
V  [jvm.dll+0x22224f]
V  [jvm.dll+0x21b4a5]
V  [jvm.dll+0x21895b]
V  [jvm.dll+0x1a4d8d]
V  [jvm.dll+0x2284da]
V  [jvm.dll+0x226615]
V  [jvm.dll+0x7ea90b]
V  [jvm.dll+0x7e4e7a]
V  [jvm.dll+0x676395]
C  [ucrtbase.dll+0x21bb2]
C  [KERNEL32.DLL+0x17604]
C  [ntdll.dll+0x526a1]


---------------  P R O C E S S  ---------------

Threads class SMR info:
_java_thread_list=0x0000021be72e75f0, length=31, elements={
0x0000021be0757750, 0x0000021be07584d0, 0x0000021be0785a30, 0x0000021be07864f0,
0x0000021be0788dc0, 0x0000021be0789680, 0x0000021be078a320, 0x0000021be078acd0,
0x0000021be0900060, 0x0000021be09f5ab0, 0x0000021be0a00650, 0x0000021be5d56000,
0x0000021be5d564d0, 0x0000021be6193010, 0x0000021be61934e0, 0x0000021be554ba20,
0x0000021be554abb0, 0x0000021be554b080, 0x0000021be5549d40, 0x0000021be554b550,
0x0000021be5548060, 0x0000021be5548530, 0x0000021be5549870, 0x0000021be5548a00,
0x0000021be554a210, 0x0000021be5548ed0, 0x0000021be55493a0, 0x0000021be7d00dc0,
0x0000021be7d03440, 0x0000021be7d01760, 0x0000021be7d008f0
}

Java Threads: ( => current thread )
  0x0000021be0757750 JavaThread "Reference Handler" daemon [_thread_blocked, id=4132, stack(0x00000038ed000000,0x00000038ed100000)]
  0x0000021be07584d0 JavaThread "Finalizer" daemon [_thread_blocked, id=5116, stack(0x00000038ed100000,0x00000038ed200000)]
  0x0000021be0785a30 JavaThread "Signal Dispatcher" daemon [_thread_blocked, id=5692, stack(0x00000038ed200000,0x00000038ed300000)]
  0x0000021be07864f0 JavaThread "Attach Listener" daemon [_thread_blocked, id=12012, stack(0x00000038ed300000,0x00000038ed400000)]
  0x0000021be0788dc0 JavaThread "Service Thread" daemon [_thread_blocked, id=11964, stack(0x00000038ed400000,0x00000038ed500000)]
  0x0000021be0789680 JavaThread "Monitor Deflation Thread" daemon [_thread_blocked, id=2296, stack(0x00000038ed500000,0x00000038ed600000)]
=>0x0000021be078a320 JavaThread "C2 CompilerThread0" daemon [_thread_in_native, id=11720, stack(0x00000038ed600000,0x00000038ed700000)]
  0x0000021be078acd0 JavaThread "C1 CompilerThread0" daemon [_thread_blocked, id=10132, stack(0x00000038ed700000,0x00000038ed800000)]
  0x0000021be0900060 JavaThread "Sweeper thread" daemon [_thread_blocked, id=8072, stack(0x00000038ed800000,0x00000038ed900000)]
  0x0000021be09f5ab0 JavaThread "Notification Thread" daemon [_thread_blocked, id=6000, stack(0x00000038ed900000,0x00000038eda00000)]
  0x0000021be0a00650 JavaThread "Common-Cleaner" daemon [_thread_blocked, id=9372, stack(0x00000038edb00000,0x00000038edc00000)]
  0x0000021be5d56000 JavaThread "Catalina-utility-1" [_thread_blocked, id=9240, stack(0x00000038ee200000,0x00000038ee300000)]
  0x0000021be5d564d0 JavaThread "Catalina-utility-2" [_thread_blocked, id=7708, stack(0x00000038ee300000,0x00000038ee400000)]
  0x0000021be6193010 JavaThread "container-0" [_thread_blocked, id=8920, stack(0x00000038ee400000,0x00000038ee500000)]
  0x0000021be61934e0 JavaThread "mysql-cj-abandoned-connection-cleanup" daemon [_thread_blocked, id=3712, stack(0x00000038ee500000,0x00000038ee600000)]
  0x0000021be554ba20 JavaThread "HikariPool-1 housekeeper" daemon [_thread_blocked, id=8900, stack(0x00000038ee700000,0x00000038ee800000)]
  0x0000021be554abb0 JavaThread "File Watcher" daemon [_thread_blocked, id=2720, stack(0x00000038ec800000,0x00000038ec900000)]
  0x0000021be554b080 JavaThread "Live Reload Server" daemon [_thread_in_native, id=8820, stack(0x00000038eea00000,0x00000038eeb00000)]
  0x0000021be5549d40 JavaThread "http-nio-8081-exec-1" daemon [_thread_blocked, id=7792, stack(0x00000038ee800000,0x00000038ee900000)]
  0x0000021be554b550 JavaThread "http-nio-8081-exec-2" daemon [_thread_blocked, id=11296, stack(0x00000038eeb00000,0x00000038eec00000)]
  0x0000021be5548060 JavaThread "http-nio-8081-exec-3" daemon [_thread_blocked, id=9468, stack(0x00000038eec00000,0x00000038eed00000)]
  0x0000021be5548530 JavaThread "http-nio-8081-exec-4" daemon [_thread_blocked, id=10556, stack(0x00000038eed00000,0x00000038eee00000)]
  0x0000021be5549870 JavaThread "http-nio-8081-exec-5" daemon [_thread_blocked, id=1388, stack(0x00000038eee00000,0x00000038eef00000)]
  0x0000021be5548a00 JavaThread "http-nio-8081-exec-6" daemon [_thread_blocked, id=11204, stack(0x00000038eef00000,0x00000038ef000000)]
  0x0000021be554a210 JavaThread "http-nio-8081-exec-7" daemon [_thread_blocked, id=9048, stack(0x00000038ef000000,0x00000038ef100000)]
  0x0000021be5548ed0 JavaThread "http-nio-8081-exec-8" daemon [_thread_blocked, id=10180, stack(0x00000038ef100000,0x00000038ef200000)]
  0x0000021be55493a0 JavaThread "http-nio-8081-exec-9" daemon [_thread_blocked, id=5568, stack(0x00000038ef200000,0x00000038ef300000)]
  0x0000021be7d00dc0 JavaThread "http-nio-8081-exec-10" daemon [_thread_blocked, id=2240, stack(0x00000038ef300000,0x00000038ef400000)]
  0x0000021be7d03440 JavaThread "http-nio-8081-Poller" daemon [_thread_in_native, id=10616, stack(0x00000038ec600000,0x00000038ec700000)]
  0x0000021be7d01760 JavaThread "http-nio-8081-Acceptor" daemon [_thread_in_native, id=5284, stack(0x00000038ef400000,0x00000038ef500000)]
  0x0000021be7d008f0 JavaThread "DestroyJavaVM" [_thread_blocked, id=7044, stack(0x00000038ec900000,0x00000038eca00000)]

Other Threads:
  0x0000021be0716ab0 VMThread "VM Thread" [stack: 0x00000038ecf00000,0x00000038ed000000] [id=1972]
  0x0000021be09fc3b0 WatcherThread [stack: 0x00000038eda00000,0x00000038edb00000] [id=8288]
  0x0000021bca3d3cc0 GCTaskThread "GC Thread#0" [stack: 0x00000038eca00000,0x00000038ecb00000] [id=11584]
  0x0000021be56451d0 GCTaskThread "GC Thread#1" [stack: 0x00000038edc00000,0x00000038edd00000] [id=7640]
  0x0000021be5625120 GCTaskThread "GC Thread#2" [stack: 0x00000038edd00000,0x00000038ede00000] [id=8640]
  0x0000021be56492a0 GCTaskThread "GC Thread#3" [stack: 0x00000038ede00000,0x00000038edf00000] [id=12232]
  0x0000021bca3dc1d0 ConcurrentGCThread "G1 Main Marker" [stack: 0x00000038ecb00000,0x00000038ecc00000] [id=7024]
  0x0000021bca3dcaf0 ConcurrentGCThread "G1 Conc#0" [stack: 0x00000038ecc00000,0x00000038ecd00000] [id=7588]
  0x0000021bca419930 ConcurrentGCThread "G1 Refine#0" [stack: 0x00000038ecd00000,0x00000038ece00000] [id=8116]
  0x0000021be567c880 ConcurrentGCThread "G1 Refine#1" [stack: 0x00000038edf00000,0x00000038ee000000] [id=4832]
  0x0000021bca41a260 ConcurrentGCThread "G1 Service" [stack: 0x00000038ece00000,0x00000038ecf00000] [id=10300]

Threads with active compile tasks:
C2 CompilerThread0   313656 6367       4       sun.invoke.util.BytecodeDescriptor::unparseSig (49 bytes)

VM state: not at safepoint (normal execution)

VM Mutex/Monitor currently owned by a thread: None

Heap address: 0x00000000c4a00000, size: 950 MB, Compressed Oops mode: 32-bit

CDS archive(s) not mapped
Compressed class space mapped at: 0x0000000100000000-0x0000000140000000, reserved size: 1073741824
Narrow klass base: 0x0000000000000000, Narrow klass shift: 3, Narrow klass range: 0x140000000

GC Precious Log:
 CPUs: 4 total, 4 available
 Memory: 3795M
 Large Page Support: Disabled
 NUMA Support: Disabled
 Compressed Oops: Enabled (32-bit)
 Heap Region Size: 1M
 Heap Min Capacity: 8M
 Heap Initial Capacity: 60M
 Heap Max Capacity: 950M
 Pre-touch: Disabled
 Parallel Workers: 4
 Concurrent Workers: 1
 Concurrent Refinement Workers: 4
 Periodic GC: Disabled

Heap:
 garbage-first heap   total 53248K, used 35609K [0x00000000c4a00000, 0x0000000100000000)
  region size 1024K, 8 young (8192K), 1 survivors (1024K)
 Metaspace       used 74174K, committed 74688K, reserved 1114112K
  class space    used 9898K, committed 10112K, reserved 1048576K

Heap Regions: E=young(eden), S=young(survivor), O=old, HS=humongous(starts), HC=humongous(continues), CS=collection set, F=free, OA=open archive, CA=closed archive, TAMS=top-at-mark-start (previous, next)
|   0|0x00000000c4a00000, 0x00000000c4b00000, 0x00000000c4b00000|100%|HS|  |TAMS 0x00000000c4b00000, 0x00000000c4a00000| Complete 
|   1|0x00000000c4b00000, 0x00000000c4c00000, 0x00000000c4c00000|100%| O|  |TAMS 0x00000000c4c00000, 0x00000000c4b00000| Untracked 
|   2|0x00000000c4c00000, 0x00000000c4d00000, 0x00000000c4d00000|100%| O|  |TAMS 0x00000000c4d00000, 0x00000000c4c00000| Untracked 
|   3|0x00000000c4d00000, 0x00000000c4e00000, 0x00000000c4e00000|100%| O|  |TAMS 0x00000000c4e00000, 0x00000000c4d00000| Untracked 
|   4|0x00000000c4e00000, 0x00000000c4f00000, 0x00000000c4f00000|100%| O|  |TAMS 0x00000000c4f00000, 0x00000000c4e00000| Untracked 
|   5|0x00000000c4f00000, 0x00000000c5000000, 0x00000000c5000000|100%| O|  |TAMS 0x00000000c5000000, 0x00000000c4f00000| Untracked 
|   6|0x00000000c5000000, 0x00000000c5100000, 0x00000000c5100000|100%| O|  |TAMS 0x00000000c5100000, 0x00000000c5000000| Untracked 
|   7|0x00000000c5100000, 0x00000000c5100000, 0x00000000c5200000|  0%| F|  |TAMS 0x00000000c5100000, 0x00000000c5100000| Untracked 
|   8|0x00000000c5200000, 0x00000000c5300000, 0x00000000c5300000|100%| O|  |TAMS 0x00000000c5300000, 0x00000000c5200000| Untracked 
|   9|0x00000000c5300000, 0x00000000c5400000, 0x00000000c5400000|100%| O|  |TAMS 0x00000000c5400000, 0x00000000c5300000| Untracked 
|  10|0x00000000c5400000, 0x00000000c5500000, 0x00000000c5500000|100%| O|  |TAMS 0x00000000c5500000, 0x00000000c5400000| Untracked 
|  11|0x00000000c5500000, 0x00000000c5600000, 0x00000000c5600000|100%| O|  |TAMS 0x00000000c5600000, 0x00000000c5500000| Untracked 
|  12|0x00000000c5600000, 0x00000000c5700000, 0x00000000c5700000|100%| O|  |TAMS 0x00000000c5700000, 0x00000000c5600000| Untracked 
|  13|0x00000000c5700000, 0x00000000c5800000, 0x00000000c5800000|100%| O|  |TAMS 0x00000000c5800000, 0x00000000c5700000| Untracked 
|  14|0x00000000c5800000, 0x00000000c5900000, 0x00000000c5900000|100%| O|  |TAMS 0x00000000c5900000, 0x00000000c5800000| Untracked 
|  15|0x00000000c5900000, 0x00000000c5a00000, 0x00000000c5a00000|100%| O|  |TAMS 0x00000000c5a00000, 0x00000000c5900000| Untracked 
|  16|0x00000000c5a00000, 0x00000000c5b00000, 0x00000000c5b00000|100%| O|  |TAMS 0x00000000c5b00000, 0x00000000c5a00000| Untracked 
|  17|0x00000000c5b00000, 0x00000000c5c00000, 0x00000000c5c00000|100%| O|  |TAMS 0x00000000c5c00000, 0x00000000c5b00000| Untracked 
|  18|0x00000000c5c00000, 0x00000000c5d00000, 0x00000000c5d00000|100%| O|  |TAMS 0x00000000c5d00000, 0x00000000c5c00000| Untracked 
|  19|0x00000000c5d00000, 0x00000000c5e00000, 0x00000000c5e00000|100%| O|  |TAMS 0x00000000c5e00000, 0x00000000c5d00000| Untracked 
|  20|0x00000000c5e00000, 0x00000000c5f00000, 0x00000000c5f00000|100%| O|  |TAMS 0x00000000c5f00000, 0x00000000c5e00000| Untracked 
|  21|0x00000000c5f00000, 0x00000000c6000000, 0x00000000c6000000|100%| O|  |TAMS 0x00000000c6000000, 0x00000000c5f00000| Untracked 
|  22|0x00000000c6000000, 0x00000000c6100000, 0x00000000c6100000|100%| O|  |TAMS 0x00000000c6100000, 0x00000000c6000000| Untracked 
|  23|0x00000000c6100000, 0x00000000c6200000, 0x00000000c6200000|100%| O|  |TAMS 0x00000000c6200000, 0x00000000c6100000| Untracked 
|  24|0x00000000c6200000, 0x00000000c6300000, 0x00000000c6300000|100%| O|  |TAMS 0x00000000c6300000, 0x00000000c6200000| Untracked 
|  25|0x00000000c6300000, 0x00000000c6400000, 0x00000000c6400000|100%| O|  |TAMS 0x00000000c6400000, 0x00000000c6300000| Untracked 
|  26|0x00000000c6400000, 0x00000000c6500000, 0x00000000c6500000|100%| O|  |TAMS 0x00000000c6468800, 0x00000000c6400000| Untracked 
|  27|0x00000000c6500000, 0x00000000c6600000, 0x00000000c6600000|100%| O|  |TAMS 0x00000000c6500000, 0x00000000c6500000| Untracked 
|  28|0x00000000c6600000, 0x00000000c6700000, 0x00000000c6700000|100%| O|  |TAMS 0x00000000c6600000, 0x00000000c6600000| Untracked 
|  29|0x00000000c6700000, 0x00000000c6704a00, 0x00000000c6800000|  1%| O|  |TAMS 0x00000000c6700000, 0x00000000c6700000| Untracked 
|  30|0x00000000c6800000, 0x00000000c6800000, 0x00000000c6900000|  0%| F|  |TAMS 0x00000000c6800000, 0x00000000c6800000| Untracked 
|  31|0x00000000c6900000, 0x00000000c6900000, 0x00000000c6a00000|  0%| F|  |TAMS 0x00000000c6900000, 0x00000000c6900000| Untracked 
|  32|0x00000000c6a00000, 0x00000000c6a00000, 0x00000000c6b00000|  0%| F|  |TAMS 0x00000000c6a00000, 0x00000000c6a00000| Untracked 
|  33|0x00000000c6b00000, 0x00000000c6b00000, 0x00000000c6c00000|  0%| F|  |TAMS 0x00000000c6b00000, 0x00000000c6b00000| Untracked 
|  34|0x00000000c6c00000, 0x00000000c6c00000, 0x00000000c6d00000|  0%| F|  |TAMS 0x00000000c6c00000, 0x00000000c6c00000| Untracked 
|  35|0x00000000c6d00000, 0x00000000c6d00000, 0x00000000c6e00000|  0%| F|  |TAMS 0x00000000c6d00000, 0x00000000c6d00000| Untracked 
|  36|0x00000000c6e00000, 0x00000000c6e00000, 0x00000000c6f00000|  0%| F|  |TAMS 0x00000000c6e00000, 0x00000000c6e00000| Untracked 
|  37|0x00000000c6f00000, 0x00000000c6f00000, 0x00000000c7000000|  0%| F|  |TAMS 0x00000000c6f00000, 0x00000000c6f00000| Untracked 
|  38|0x00000000c7000000, 0x00000000c7000000, 0x00000000c7100000|  0%| F|  |TAMS 0x00000000c7000000, 0x00000000c7000000| Untracked 
|  39|0x00000000c7100000, 0x00000000c7100000, 0x00000000c7200000|  0%| F|  |TAMS 0x00000000c7100000, 0x00000000c7100000| Untracked 
|  40|0x00000000c7200000, 0x00000000c7200000, 0x00000000c7300000|  0%| F|  |TAMS 0x00000000c7200000, 0x00000000c7200000| Untracked 
|  41|0x00000000c7300000, 0x00000000c7300000, 0x00000000c7400000|  0%| F|  |TAMS 0x00000000c7300000, 0x00000000c7300000| Untracked 
|  42|0x00000000c7400000, 0x00000000c7400000, 0x00000000c7500000|  0%| F|  |TAMS 0x00000000c7400000, 0x00000000c7400000| Untracked 
|  43|0x00000000c7500000, 0x00000000c7500000, 0x00000000c7600000|  0%| F|  |TAMS 0x00000000c7500000, 0x00000000c7500000| Untracked 
|  44|0x00000000c7600000, 0x00000000c76c2748, 0x00000000c7700000| 75%| E|  |TAMS 0x00000000c7600000, 0x00000000c7600000| Complete 
|  45|0x00000000c7700000, 0x00000000c7800000, 0x00000000c7800000|100%| E|CS|TAMS 0x00000000c7700000, 0x00000000c7700000| Complete 
|  46|0x00000000c7800000, 0x00000000c7900000, 0x00000000c7900000|100%| E|CS|TAMS 0x00000000c7800000, 0x00000000c7800000| Complete 
|  47|0x00000000c7900000, 0x00000000c7a00000, 0x00000000c7a00000|100%| E|CS|TAMS 0x00000000c7900000, 0x00000000c7900000| Complete 
|  48|0x00000000c7a00000, 0x00000000c7b00000, 0x00000000c7b00000|100%| E|CS|TAMS 0x00000000c7a00000, 0x00000000c7a00000| Complete 
|  49|0x00000000c7b00000, 0x00000000c7c00000, 0x00000000c7c00000|100%| E|CS|TAMS 0x00000000c7b00000, 0x00000000c7b00000| Complete 
|  50|0x00000000c7c00000, 0x00000000c7cc1a68, 0x00000000c7d00000| 75%| S|CS|TAMS 0x00000000c7c00000, 0x00000000c7c00000| Complete 
|  59|0x00000000c8500000, 0x00000000c8600000, 0x00000000c8600000|100%| E|CS|TAMS 0x00000000c8500000, 0x00000000c8500000| Complete 

Card table byte_map: [0x0000021bdc020000,0x0000021bdc200000] _byte_map_base: 0x0000021bdb9fb000

Marking Bits (Prev, Next): (CMBitMap*) 0x0000021bca3d41e0, (CMBitMap*) 0x0000021bca3d4220
 Prev Bits: [0x0000021bdc3e0000, 0x0000021bdd2b8000)
 Next Bits: [0x0000021bdd2c0000, 0x0000021bde198000)

Polling page: 0x0000021bc8330000

Metaspace:

Usage:
  Non-class:     62.77 MB used.
      Class:      9.67 MB used.
       Both:     72.44 MB used.

Virtual space:
  Non-class space:       64.00 MB reserved,      63.06 MB ( 99%) committed,  1 nodes.
      Class space:        1.00 GB reserved,       9.88 MB ( <1%) committed,  1 nodes.
             Both:        1.06 GB reserved,      72.94 MB (  7%) committed. 

Chunk freelists:
   Non-Class:  96.00 KB
       Class:  6.12 MB
        Both:  6.22 MB

MaxMetaspaceSize: unlimited
CompressedClassSpaceSize: 1.00 GB
Initial GC threshold: 21.00 MB
Current GC threshold: 115.56 MB
CDS: off
MetaspaceReclaimPolicy: balanced
 - commit_granule_bytes: 65536.
 - commit_granule_words: 8192.
 - virtual_space_node_default_size: 8388608.
 - enlarge_chunks_in_place: 1.
 - new_chunks_are_fully_committed: 0.
 - uncommit_free_chunks: 1.
 - use_allocation_guard: 0.
 - handle_deallocations: 1.


Internal statistics:

num_allocs_failed_limit: 6.
num_arena_births: 676.
num_arena_deaths: 0.
num_vsnodes_births: 2.
num_vsnodes_deaths: 0.
num_space_committed: 1167.
num_space_uncommitted: 0.
num_chunks_returned_to_freelist: 6.
num_chunks_taken_from_freelist: 3004.
num_chunk_merges: 6.
num_chunk_splits: 2165.
num_chunks_enlarged: 1720.
num_inconsistent_stats: 0.

CodeHeap 'non-profiled nmethods': size=120000Kb used=4434Kb max_used=4434Kb free=115565Kb
 bounds [0x0000021bd4af0000, 0x0000021bd4f50000, 0x0000021bdc020000]
CodeHeap 'profiled nmethods': size=120000Kb used=10863Kb max_used=10863Kb free=109137Kb
 bounds [0x0000021bcd020000, 0x0000021bcdac0000, 0x0000021bd4550000]
CodeHeap 'non-nmethods': size=5760Kb used=1358Kb max_used=1468Kb free=4401Kb
 bounds [0x0000021bd4550000, 0x0000021bd47c0000, 0x0000021bd4af0000]
 total_blobs=6277 nmethods=5580 adapters=609
 compilation: enabled
              stopped_count=0, restarted_count=0
 full_count=0

Compilation events (20 events):
Event: 265.188 Thread 0x0000021be078a320 nmethod 6358 0x0000021bd4f41e10 code [0x0000021bd4f41fc0, 0x0000021bd4f42918]
Event: 265.216 Thread 0x0000021be078a320 6360       4       java.nio.Buffer::remaining (20 bytes)
Event: 265.216 Thread 0x0000021be078a320 nmethod 6360 0x0000021bd4f42e10 code [0x0000021bd4f42f80, 0x0000021bd4f43018]
Event: 265.240 Thread 0x0000021be078acd0 6361  s    3       java.io.BufferedOutputStream::write (67 bytes)
Event: 265.241 Thread 0x0000021be078acd0 nmethod 6361 0x0000021bcda99290 code [0x0000021bcda994a0, 0x0000021bcda99bf8]
Event: 265.241 Thread 0x0000021be078acd0 6363   !   3       sun.nio.ch.NioSocketImpl::tryRead (87 bytes)
Event: 265.241 Thread 0x0000021be078acd0 nmethod 6363 0x0000021bcda99e10 code [0x0000021bcda9a020, 0x0000021bcda9a598]
Event: 265.241 Thread 0x0000021be078acd0 6362       3       com.sun.crypto.provider.GaloisCounterMode$GCMEngine::doLastBlock (247 bytes)
Event: 265.243 Thread 0x0000021be078acd0 nmethod 6362 0x0000021bcda9a890 code [0x0000021bcda9ab00, 0x0000021bcda9ba78]
Event: 265.822 Thread 0x0000021be078acd0 6364       3       java.lang.invoke.MethodHandles$Lookup::linkMethodHandleConstant (222 bytes)
Event: 265.824 Thread 0x0000021be078acd0 nmethod 6364 0x0000021bcda9bf90 code [0x0000021bcda9c360, 0x0000021bcda9dc68]
Event: 266.138 Thread 0x0000021be078acd0 6365       3       java.lang.ClassLoader::getSystemClassLoader (96 bytes)
Event: 266.140 Thread 0x0000021be078acd0 nmethod 6365 0x0000021bcda9e410 code [0x0000021bcda9e680, 0x0000021bcda9f268]
Event: 266.310 Thread 0x0000021be078acd0 6366       3       java.util.HashSet::contains (9 bytes)
Event: 266.310 Thread 0x0000021be078acd0 nmethod 6366 0x0000021bcda9f610 code [0x0000021bcda9f7c0, 0x0000021bcda9f988]
Event: 266.850 Thread 0x0000021be078a320 6367       4       sun.invoke.util.BytecodeDescriptor::unparseSig (49 bytes)
Event: 267.015 Thread 0x0000021be078acd0 6368       1       org.hibernate.sql.ast.tree.from.AbstractTableReference::getIdentificationVariable (5 bytes)
Event: 267.015 Thread 0x0000021be078acd0 nmethod 6368 0x0000021bd4f43110 code [0x0000021bd4f432a0, 0x0000021bd4f43378]
Event: 267.264 Thread 0x0000021be078acd0 6369       3       java.lang.invoke.MethodHandles$Lookup::resolveOrNull (46 bytes)
Event: 267.266 Thread 0x0000021be078acd0 nmethod 6369 0x0000021bcda9fa90 code [0x0000021bcda9fd20, 0x0000021bcdaa08a8]

GC Heap History (20 events):
Event: 86.242 GC heap before
{Heap before GC invocations=24 (full 0):
 garbage-first heap   total 45056K, used 32548K [0x00000000c4a00000, 0x0000000100000000)
  region size 1024K, 12 young (12288K), 2 survivors (2048K)
 Metaspace       used 63522K, committed 64000K, reserved 1114112K
  class space    used 8476K, committed 8704K, reserved 1048576K
}
Event: 86.247 GC heap after
{Heap after GC invocations=25 (full 0):
 garbage-first heap   total 45056K, used 24144K [0x00000000c4a00000, 0x0000000100000000)
  region size 1024K, 2 young (2048K), 2 survivors (2048K)
 Metaspace       used 63522K, committed 64000K, reserved 1114112K
  class space    used 8476K, committed 8704K, reserved 1048576K
}
Event: 87.281 GC heap before
{Heap before GC invocations=25 (full 0):
 garbage-first heap   total 45056K, used 33360K [0x00000000c4a00000, 0x0000000100000000)
  region size 1024K, 12 young (12288K), 2 survivors (2048K)
 Metaspace       used 65687K, committed 66176K, reserved 1114112K
  class space    used 8742K, committed 8960K, reserved 1048576K
}
Event: 87.287 GC heap after
{Heap after GC invocations=26 (full 0):
 garbage-first heap   total 45056K, used 25019K [0x00000000c4a00000, 0x0000000100000000)
  region size 1024K, 2 young (2048K), 2 survivors (2048K)
 Metaspace       used 65687K, committed 66176K, reserved 1114112K
  class space    used 8742K, committed 8960K, reserved 1048576K
}
Event: 87.790 GC heap before
{Heap before GC invocations=27 (full 0):
 garbage-first heap   total 46080K, used 35259K [0x00000000c4a00000, 0x0000000100000000)
  region size 1024K, 12 young (12288K), 2 survivors (2048K)
 Metaspace       used 66054K, committed 66560K, reserved 1114112K
  class space    used 8812K, committed 9024K, reserved 1048576K
}
Event: 87.795 GC heap after
{Heap after GC invocations=28 (full 0):
 garbage-first heap   total 46080K, used 25605K [0x00000000c4a00000, 0x0000000100000000)
  region size 1024K, 2 young (2048K), 2 survivors (2048K)
 Metaspace       used 66054K, committed 66560K, reserved 1114112K
  class space    used 8812K, committed 9024K, reserved 1048576K
}
Event: 88.341 GC heap before
{Heap before GC invocations=28 (full 0):
 garbage-first heap   total 46080K, used 35845K [0x00000000c4a00000, 0x0000000100000000)
  region size 1024K, 12 young (12288K), 2 survivors (2048K)
 Metaspace       used 67128K, committed 67584K, reserved 1114112K
  class space    used 8945K, committed 9152K, reserved 1048576K
}
Event: 88.344 GC heap after
{Heap after GC invocations=29 (full 0):
 garbage-first heap   total 46080K, used 26131K [0x00000000c4a00000, 0x0000000100000000)
  region size 1024K, 1 young (1024K), 1 survivors (1024K)
 Metaspace       used 67128K, committed 67584K, reserved 1114112K
  class space    used 8945K, committed 9152K, reserved 1048576K
}
Event: 88.650 GC heap before
{Heap before GC invocations=30 (full 0):
 garbage-first heap   total 48128K, used 36371K [0x00000000c4a00000, 0x0000000100000000)
  region size 1024K, 11 young (11264K), 1 survivors (1024K)
 Metaspace       used 67228K, committed 67712K, reserved 1114112K
  class space    used 8950K, committed 9152K, reserved 1048576K
}
Event: 88.652 GC heap after
{Heap after GC invocations=31 (full 0):
 garbage-first heap   total 48128K, used 26208K [0x00000000c4a00000, 0x0000000100000000)
  region size 1024K, 2 young (2048K), 2 survivors (2048K)
 Metaspace       used 67228K, committed 67712K, reserved 1114112K
  class space    used 8950K, committed 9152K, reserved 1048576K
}
Event: 89.500 GC heap before
{Heap before GC invocations=31 (full 0):
 garbage-first heap   total 48128K, used 37472K [0x00000000c4a00000, 0x0000000100000000)
  region size 1024K, 13 young (13312K), 2 survivors (2048K)
 Metaspace       used 67884K, committed 68352K, reserved 1114112K
  class space    used 9044K, committed 9280K, reserved 1048576K
}
Event: 89.506 GC heap after
{Heap after GC invocations=32 (full 0):
 garbage-first heap   total 48128K, used 26986K [0x00000000c4a00000, 0x0000000100000000)
  region size 1024K, 2 young (2048K), 2 survivors (2048K)
 Metaspace       used 67884K, committed 68352K, reserved 1114112K
  class space    used 9044K, committed 9280K, reserved 1048576K
}
Event: 91.745 GC heap before
{Heap before GC invocations=33 (full 0):
 garbage-first heap   total 50176K, used 38250K [0x00000000c4a00000, 0x0000000100000000)
  region size 1024K, 13 young (13312K), 2 survivors (2048K)
 Metaspace       used 69388K, committed 69888K, reserved 1114112K
  class space    used 9239K, committed 9472K, reserved 1048576K
}
Event: 91.751 GC heap after
{Heap after GC invocations=34 (full 0):
 garbage-first heap   total 50176K, used 28082K [0x00000000c4a00000, 0x0000000100000000)
  region size 1024K, 2 young (2048K), 2 survivors (2048K)
 Metaspace       used 69388K, committed 69888K, reserved 1114112K
  class space    used 9239K, committed 9472K, reserved 1048576K
}
Event: 165.838 GC heap before
{Heap before GC invocations=34 (full 0):
 garbage-first heap   total 50176K, used 40370K [0x00000000c4a00000, 0x0000000100000000)
  region size 1024K, 14 young (14336K), 2 survivors (2048K)
 Metaspace       used 70461K, committed 70976K, reserved 1114112K
  class space    used 9396K, committed 9664K, reserved 1048576K
}
Event: 165.845 GC heap after
{Heap after GC invocations=35 (full 0):
 garbage-first heap   total 50176K, used 28900K [0x00000000c4a00000, 0x0000000100000000)
  region size 1024K, 1 young (1024K), 1 survivors (1024K)
 Metaspace       used 70461K, committed 70976K, reserved 1114112K
  class space    used 9396K, committed 9664K, reserved 1048576K
}
Event: 265.144 GC heap before
{Heap before GC invocations=36 (full 0):
 garbage-first heap   total 53248K, used 39140K [0x00000000c4a00000, 0x0000000100000000)
  region size 1024K, 11 young (11264K), 1 survivors (1024K)
 Metaspace       used 72449K, committed 72960K, reserved 1114112K
  class space    used 9637K, committed 9856K, reserved 1048576K
}
Event: 265.149 GC heap after
{Heap after GC invocations=37 (full 0):
 garbage-first heap   total 53248K, used 29294K [0x00000000c4a00000, 0x0000000100000000)
  region size 1024K, 2 young (2048K), 2 survivors (2048K)
 Metaspace       used 72449K, committed 72960K, reserved 1114112K
  class space    used 9637K, committed 9856K, reserved 1048576K
}
Event: 265.435 GC heap before
{Heap before GC invocations=37 (full 0):
 garbage-first heap   total 53248K, used 29294K [0x00000000c4a00000, 0x0000000100000000)
  region size 1024K, 3 young (3072K), 2 survivors (2048K)
 Metaspace       used 72607K, committed 73152K, reserved 1114112K
  class space    used 9665K, committed 9920K, reserved 1048576K
}
Event: 265.439 GC heap after
{Heap after GC invocations=38 (full 0):
 garbage-first heap   total 53248K, used 29465K [0x00000000c4a00000, 0x0000000100000000)
  region size 1024K, 1 young (1024K), 1 survivors (1024K)
 Metaspace       used 72607K, committed 73152K, reserved 1114112K
  class space    used 9665K, committed 9920K, reserved 1048576K
}

Dll operation events (9 events):
Event: 0.392 Loaded shared library C:\Users\shalu\.vscode\extensions\redhat.java-1.18.0-win32-x64\jre\17.0.7-win32-x86_64\bin\java.dll
Event: 0.844 Loaded shared library C:\Users\shalu\.vscode\extensions\redhat.java-1.18.0-win32-x64\jre\17.0.7-win32-x86_64\bin\net.dll
Event: 0.934 Loaded shared library C:\Users\shalu\.vscode\extensions\redhat.java-1.18.0-win32-x64\jre\17.0.7-win32-x86_64\bin\nio.dll
Event: 0.945 Loaded shared library C:\Users\shalu\.vscode\extensions\redhat.java-1.18.0-win32-x64\jre\17.0.7-win32-x86_64\bin\zip.dll
Event: 1.754 Loaded shared library C:\Users\shalu\.vscode\extensions\redhat.java-1.18.0-win32-x64\jre\17.0.7-win32-x86_64\bin\jimage.dll
Event: 2.787 Loaded shared library C:\Users\shalu\.vscode\extensions\redhat.java-1.18.0-win32-x64\jre\17.0.7-win32-x86_64\bin\management.dll
Event: 2.790 Loaded shared library C:\Users\shalu\.vscode\extensions\redhat.java-1.18.0-win32-x64\jre\17.0.7-win32-x86_64\bin\management_ext.dll
Event: 13.688 Loaded shared library C:\Users\shalu\.vscode\extensions\redhat.java-1.18.0-win32-x64\jre\17.0.7-win32-x86_64\bin\verify.dll
Event: 45.282 Loaded shared library C:\Users\shalu\.vscode\extensions\redhat.java-1.18.0-win32-x64\jre\17.0.7-win32-x86_64\bin\sunmscapi.dll

Deoptimization events (20 events):
Event: 201.125 Thread 0x0000021be554b550 Uncommon trap: trap_request=0xffffff45 fr.pc=0x0000021bd4e13480 relative=0x00000000000005e0
Event: 201.125 Thread 0x0000021be554b550 Uncommon trap: reason=unstable_if action=reinterpret pc=0x0000021bd4e13480 method=java.util.ArrayList.toArray([Ljava/lang/Object;)[Ljava/lang/Object; @ 45 c2
Event: 201.125 Thread 0x0000021be554b550 DEOPT PACKING pc=0x0000021bd4e13480 sp=0x00000038eebfd7c0
Event: 201.125 Thread 0x0000021be554b550 DEOPT UNPACKING pc=0x0000021bd45a69a3 sp=0x00000038eebfd7c8 mode 2
Event: 201.148 Thread 0x0000021be554b550 Uncommon trap: trap_request=0xffffffde fr.pc=0x0000021bd4d75df4 relative=0x00000000000008f4
Event: 201.148 Thread 0x0000021be554b550 Uncommon trap: reason=class_check action=maybe_recompile pc=0x0000021bd4d75df4 method=java.util.stream.FindOps$FindOp.evaluateSequential(Ljava/util/stream/PipelineHelper;Ljava/util/Spliterator;)Ljava/lang/Object; @ 10 c2
Event: 201.148 Thread 0x0000021be554b550 DEOPT PACKING pc=0x0000021bd4d75df4 sp=0x00000038eebfb880
Event: 201.148 Thread 0x0000021be554b550 DEOPT UNPACKING pc=0x0000021bd45a69a3 sp=0x00000038eebfb848 mode 2
Event: 265.159 Thread 0x0000021be5549870 Uncommon trap: trap_request=0xffffff45 fr.pc=0x0000021bd4f212d0 relative=0x0000000000000390
Event: 265.159 Thread 0x0000021be5549870 Uncommon trap: reason=unstable_if action=reinterpret pc=0x0000021bd4f212d0 method=java.util.HashMap.getNode(Ljava/lang/Object;)Ljava/util/HashMap$Node; @ 66 c2
Event: 265.159 Thread 0x0000021be5549870 DEOPT PACKING pc=0x0000021bd4f212d0 sp=0x00000038eeefc7b0
Event: 265.159 Thread 0x0000021be5549870 DEOPT UNPACKING pc=0x0000021bd45a69a3 sp=0x00000038eeefc660 mode 2
Event: 265.164 Thread 0x0000021be5549870 Uncommon trap: trap_request=0xffffff66 fr.pc=0x0000021bd4ef794c relative=0x0000000000000d0c
Event: 265.164 Thread 0x0000021be5549870 Uncommon trap: reason=speculate_class_check action=maybe_recompile pc=0x0000021bd4ef794c method=org.springframework.transaction.interceptor.AbstractFallbackTransactionAttributeSource.getTransactionAttribute(Ljava/lang/reflect/Method;Ljava/lang/Class;)Lorg
Event: 265.164 Thread 0x0000021be5549870 DEOPT PACKING pc=0x0000021bd4ef794c sp=0x00000038eeefc4d0
Event: 265.164 Thread 0x0000021be5549870 DEOPT UNPACKING pc=0x0000021bd45a69a3 sp=0x00000038eeefc478 mode 2
Event: 265.172 Thread 0x0000021be5549870 Uncommon trap: trap_request=0xffffffde fr.pc=0x0000021bd4ec13bc relative=0x00000000000013bc
Event: 265.172 Thread 0x0000021be5549870 Uncommon trap: reason=class_check action=maybe_recompile pc=0x0000021bd4ec13bc method=org.springframework.core.annotation.AnnotatedElementUtils.getAnnotationAttributes(Lorg/springframework/core/annotation/MergedAnnotation;ZZ)Lorg/springframework/core/anno
Event: 265.172 Thread 0x0000021be5549870 DEOPT PACKING pc=0x0000021bd4ec13bc sp=0x00000038eeefc350
Event: 265.173 Thread 0x0000021be5549870 DEOPT UNPACKING pc=0x0000021bd45a69a3 sp=0x00000038eeefc1b8 mode 2

Classes unloaded (0 events):
No events

Classes redefined (0 events):
No events

Internal exceptions (20 events):
Event: 87.401 Thread 0x0000021be56ca580 Exception <a 'java/lang/IncompatibleClassChangeError'{0x00000000c770acd8}: Found class java.lang.Object, but interface was expected> (0x00000000c770acd8) 
thrown [s\src\hotspot\share\interpreter\linkResolver.cpp, line 826]
Event: 88.109 Thread 0x0000021be56ca580 Exception <a 'java/lang/reflect/InvocationTargetException'{0x00000000c766c2a8}> (0x00000000c766c2a8) 
thrown [s\src\hotspot\share\runtime\reflection.cpp, line 1121]
Event: 88.139 Thread 0x0000021be56ca580 Exception <a 'java/lang/NoSuchMethodError'{0x00000000c76c8e28}: 'int java.lang.invoke.DirectMethodHandle$Holder.invokeStatic(java.lang.Object, java.lang.Object, int)'> (0x00000000c76c8e28) 
thrown [s\src\hotspot\share\interpreter\linkResolver.cpp, line 759]
Event: 88.144 Thread 0x0000021be56ca580 Exception <a 'java/lang/NoSuchMethodError'{0x00000000c76e5810}: 'java.lang.Object java.lang.invoke.DirectMethodHandle$Holder.newInvokeSpecial(java.lang.Object, java.lang.Object, int)'> (0x00000000c76e5810) 
thrown [s\src\hotspot\share\interpreter\linkResolver.cpp, line 759]
Event: 88.174 Thread 0x0000021be56ca580 Exception <a 'java/lang/IncompatibleClassChangeError'{0x00000000c750f418}: Found class java.lang.Object, but interface was expected> (0x00000000c750f418) 
thrown [s\src\hotspot\share\interpreter\linkResolver.cpp, line 826]
Event: 88.175 Thread 0x0000021be56ca580 Exception <a 'java/lang/IncompatibleClassChangeError'{0x00000000c7515c98}: Found class java.lang.Object, but interface was expected> (0x00000000c7515c98) 
thrown [s\src\hotspot\share\interpreter\linkResolver.cpp, line 826]
Event: 88.337 Thread 0x0000021be56ca580 Exception <a 'java/lang/reflect/InvocationTargetException'{0x00000000c6db93c0}> (0x00000000c6db93c0) 
thrown [s\src\hotspot\share\runtime\reflection.cpp, line 1121]
Event: 88.545 Thread 0x0000021be56ca580 Exception <a 'java/lang/reflect/InvocationTargetException'{0x00000000c7381528}> (0x00000000c7381528) 
thrown [s\src\hotspot\share\runtime\reflection.cpp, line 1121]
Event: 88.763 Thread 0x0000021be56ca580 Exception <a 'java/lang/reflect/InvocationTargetException'{0x00000000c733f268}> (0x00000000c733f268) 
thrown [s\src\hotspot\share\runtime\reflection.cpp, line 1121]
Event: 88.932 Thread 0x0000021be56ca580 Exception <a 'java/lang/NoSuchMethodError'{0x00000000c7256458}: 'java.lang.Object java.lang.invoke.DirectMethodHandle$Holder.invokeInterface(java.lang.Object, java.lang.Object, java.lang.Object, java.lang.Object)'> (0x00000000c7256458) 
thrown [s\src\hotspot\share\interpreter\linkResolver.cpp, line 759]
Event: 89.950 Thread 0x0000021be56ca580 Exception <a 'java/lang/NoSuchMethodError'{0x00000000c7799e20}: 'void java.lang.invoke.DirectMethodHandle$Holder.invokeVirtual(java.lang.Object, java.lang.Object, int)'> (0x00000000c7799e20) 
thrown [s\src\hotspot\share\interpreter\linkResolver.cpp, line 759]
Event: 89.955 Thread 0x0000021be56ca580 Exception <a 'java/lang/NoSuchMethodError'{0x00000000c77b4b50}: 'void java.lang.invoke.DirectMethodHandle$Holder.invokeVirtual(java.lang.Object, java.lang.Object, long)'> (0x00000000c77b4b50) 
thrown [s\src\hotspot\share\interpreter\linkResolver.cpp, line 759]
Event: 91.518 Thread 0x0000021be56ca580 Exception <a 'java/lang/IncompatibleClassChangeError'{0x00000000c71e6e78}: Found class java.lang.Object, but interface was expected> (0x00000000c71e6e78) 
thrown [s\src\hotspot\share\interpreter\linkResolver.cpp, line 826]
Event: 93.121 Thread 0x0000021be56ca580 Implicit null exception at 0x0000021bd4c4bec0 to 0x0000021bd4c4c0b0
Event: 93.575 Thread 0x0000021be56ca580 Exception <a 'java/lang/NoSuchMethodError'{0x00000000c74bfe98}: 'java.lang.Object java.lang.invoke.DirectMethodHandle$Holder.newInvokeSpecial(java.lang.Object, java.lang.Object, int, java.lang.Object, java.lang.Object)'> (0x00000000c74bfe98) 
thrown [s\src\hotspot\share\interpreter\linkResolver.cpp, line 759]
Event: 93.576 Thread 0x0000021be56ca580 Exception <a 'java/lang/NoSuchMethodError'{0x00000000c74cb510}: 'java.lang.Object java.lang.invoke.DirectMethodHandle$Holder.invokeSpecial(java.lang.Object, java.lang.Object, int, java.lang.Object, int, java.lang.Object)'> (0x00000000c74cb510) 
thrown [s\src\hotspot\share\interpreter\linkResolver.cpp, line 759]
Event: 93.577 Thread 0x0000021be56ca580 Exception <a 'java/lang/NoSuchMethodError'{0x00000000c74d35c0}: 'java.lang.Object java.lang.invoke.DirectMethodHandle$Holder.newInvokeSpecial(java.lang.Object, java.lang.Object, int, java.lang.Object, int)'> (0x00000000c74d35c0) 
thrown [s\src\hotspot\share\interpreter\linkResolver.cpp, line 759]
Event: 93.578 Thread 0x0000021be56ca580 Exception <a 'java/lang/NoSuchMethodError'{0x00000000c74d76c0}: 'java.lang.Object java.lang.invoke.DirectMethodHandle$Holder.invokeSpecial(java.lang.Object, java.lang.Object, java.lang.Object, int, java.lang.Object, int)'> (0x00000000c74d76c0) 
thrown [s\src\hotspot\share\interpreter\linkResolver.cpp, line 759]
Event: 199.973 Thread 0x0000021be554b550 Exception <a 'java/lang/NoSuchMethodError'{0x00000000c7bdd370}: 'java.lang.Object java.lang.invoke.DirectMethodHandle$Holder.invokeSpecial(java.lang.Object, java.lang.Object, java.lang.Object, java.lang.Object, java.lang.Object, long)'> (0x00000000c7bdd370) 
thrown [s\src\hotspot\share\interpreter\linkResolver.cpp, line 759]
Event: 199.974 Thread 0x0000021be554b550 Exception <a 'java/lang/NoSuchMethodError'{0x00000000c7be0db0}: 'java.lang.Object java.lang.invoke.Invokers$Holder.linkToTargetMethod(java.lang.Object, java.lang.Object, java.lang.Object, long, java.lang.Object)'> (0x00000000c7be0db0) 
thrown [s\src\hotspot\share\interpreter\linkResolver.cpp, line 759]

VM Operations (20 events):
Event: 200.565 Executing VM operation: HandshakeAllThreads
Event: 200.565 Executing VM operation: HandshakeAllThreads done
Event: 201.124 Executing VM operation: HandshakeAllThreads
Event: 201.124 Executing VM operation: HandshakeAllThreads done
Event: 201.153 Executing VM operation: HandshakeAllThreads
Event: 201.153 Executing VM operation: HandshakeAllThreads done
Event: 201.196 Executing VM operation: HandshakeAllThreads
Event: 201.196 Executing VM operation: HandshakeAllThreads done
Event: 201.196 Executing VM operation: HandshakeAllThreads
Event: 201.196 Executing VM operation: HandshakeAllThreads done
Event: 202.200 Executing VM operation: Cleanup
Event: 202.200 Executing VM operation: Cleanup done
Event: 258.574 Executing VM operation: Cleanup
Event: 258.574 Executing VM operation: Cleanup done
Event: 265.143 Executing VM operation: G1CollectForAllocation
Event: 265.149 Executing VM operation: G1CollectForAllocation done
Event: 265.434 Executing VM operation: G1CollectForAllocation
Event: 265.439 Executing VM operation: G1CollectForAllocation done
Event: 266.452 Executing VM operation: Cleanup
Event: 266.452 Executing VM operation: Cleanup done

Events (20 events):
Event: 200.003 loading class sun/nio/cs/ThreadLocalCoders done
Event: 200.003 loading class sun/nio/cs/ThreadLocalCoders$1
Event: 200.004 loading class sun/nio/cs/ThreadLocalCoders$Cache
Event: 200.004 loading class sun/nio/cs/ThreadLocalCoders$Cache done
Event: 200.004 loading class sun/nio/cs/ThreadLocalCoders$1 done
Event: 200.004 loading class sun/nio/cs/ThreadLocalCoders$2
Event: 200.004 loading class sun/nio/cs/ThreadLocalCoders$2 done
Event: 201.149 loading class java/time/format/DateTimeFormatterBuilder$ZoneTextPrinterParser
Event: 201.149 loading class java/time/format/DateTimeFormatterBuilder$ZoneTextPrinterParser done
Event: 201.149 loading class java/time/format/DateTimeFormatterBuilder$ReducedPrinterParser
Event: 201.151 loading class java/time/format/DateTimeFormatterBuilder$ReducedPrinterParser done
Event: 201.172 loading class java/util/stream/LongStream
Event: 201.188 loading class java/util/stream/LongStream done
Event: 201.188 loading class java/util/stream/DoubleStream
Event: 201.188 loading class java/util/stream/DoubleStream done
Event: 201.204 Thread 0x0000021be0900060 flushing nmethod 0x0000021bcd425010
Event: 201.223 loading class org/w3c/dom/Node
Event: 201.307 loading class org/w3c/dom/Node done
Event: 201.308 loading class org/w3c/dom/Document
Event: 201.338 loading class org/w3c/dom/Document done


Dynamic libraries:
0x00007ff6525e0000 - 0x00007ff6525ee000 	C:\Users\shalu\.vscode\extensions\redhat.java-1.18.0-win32-x64\jre\17.0.7-win32-x86_64\bin\java.exe
0x00007fff4a150000 - 0x00007fff4a348000 	C:\WINDOWS\SYSTEM32\ntdll.dll
0x00007fff48b60000 - 0x00007fff48c1f000 	C:\WINDOWS\System32\KERNEL32.DLL
0x00007fff47a10000 - 0x00007fff47cea000 	C:\WINDOWS\System32\KERNELBASE.dll
0x00007fff47910000 - 0x00007fff47a10000 	C:\WINDOWS\System32\ucrtbase.dll
0x00007fff3ada0000 - 0x00007fff3adb9000 	C:\Users\shalu\.vscode\extensions\redhat.java-1.18.0-win32-x64\jre\17.0.7-win32-x86_64\bin\VCRUNTIME140.dll
0x00007fff3f100000 - 0x00007fff3f117000 	C:\Users\shalu\.vscode\extensions\redhat.java-1.18.0-win32-x64\jre\17.0.7-win32-x86_64\bin\jli.dll
0x00007fff49000000 - 0x00007fff4919d000 	C:\WINDOWS\System32\USER32.dll
0x00007fff47f40000 - 0x00007fff47f62000 	C:\WINDOWS\System32\win32u.dll
0x00007fff481b0000 - 0x00007fff481db000 	C:\WINDOWS\System32\GDI32.dll
0x00007fff47cf0000 - 0x00007fff47e00000 	C:\WINDOWS\System32\gdi32full.dll
0x00007fff47e70000 - 0x00007fff47f0d000 	C:\WINDOWS\System32\msvcp_win.dll
0x00007fff392d0000 - 0x00007fff3956a000 	C:\WINDOWS\WinSxS\amd64_microsoft.windows.common-controls_6595b64144ccf1df_6.0.19041.1110_none_60b5254171f9507e\COMCTL32.dll
0x00007fff48730000 - 0x00007fff487ce000 	C:\WINDOWS\System32\msvcrt.dll
0x00007fff48290000 - 0x00007fff482c0000 	C:\WINDOWS\System32\IMM32.DLL
0x00007fff44db0000 - 0x00007fff44dbc000 	C:\Users\shalu\.vscode\extensions\redhat.java-1.18.0-win32-x64\jre\17.0.7-win32-x86_64\bin\vcruntime140_1.dll
0x00007fff2a430000 - 0x00007fff2a4c1000 	C:\Users\shalu\.vscode\extensions\redhat.java-1.18.0-win32-x64\jre\17.0.7-win32-x86_64\bin\msvcp140.dll
0x00007ffefcac0000 - 0x00007ffefd708000 	C:\Users\shalu\.vscode\extensions\redhat.java-1.18.0-win32-x64\jre\17.0.7-win32-x86_64\bin\server\jvm.dll
0x00007fff48c20000 - 0x00007fff48cce000 	C:\WINDOWS\System32\ADVAPI32.dll
0x00007fff49e30000 - 0x00007fff49ecc000 	C:\WINDOWS\System32\sechost.dll
0x00007fff48ce0000 - 0x00007fff48e06000 	C:\WINDOWS\System32\RPCRT4.dll
0x00007fff3aa90000 - 0x00007fff3aab7000 	C:\WINDOWS\SYSTEM32\WINMM.dll
0x00007fff3f1f0000 - 0x00007fff3f1f9000 	C:\WINDOWS\SYSTEM32\WSOCK32.dll
0x00007fff49ed0000 - 0x00007fff49f3b000 	C:\WINDOWS\System32\WS2_32.dll
0x00007fff3b4a0000 - 0x00007fff3b4aa000 	C:\WINDOWS\SYSTEM32\VERSION.dll
0x00007fff45720000 - 0x00007fff45732000 	C:\WINDOWS\SYSTEM32\kernel.appcore.dll
0x00007fff3f190000 - 0x00007fff3f19a000 	C:\Users\shalu\.vscode\extensions\redhat.java-1.18.0-win32-x64\jre\17.0.7-win32-x86_64\bin\jimage.dll
0x00007fff3af30000 - 0x00007fff3b114000 	C:\WINDOWS\SYSTEM32\DBGHELP.DLL
0x00007fff3aef0000 - 0x00007fff3af24000 	C:\WINDOWS\SYSTEM32\dbgcore.DLL
0x00007fff47f70000 - 0x00007fff47ff2000 	C:\WINDOWS\System32\bcryptPrimitives.dll
0x00007fff37a20000 - 0x00007fff37a45000 	C:\Users\shalu\.vscode\extensions\redhat.java-1.18.0-win32-x64\jre\17.0.7-win32-x86_64\bin\java.dll
0x00007fff3ad50000 - 0x00007fff3ad68000 	C:\Users\shalu\.vscode\extensions\redhat.java-1.18.0-win32-x64\jre\17.0.7-win32-x86_64\bin\zip.dll
0x00007fff496e0000 - 0x00007fff49e24000 	C:\WINDOWS\System32\SHELL32.dll
0x00007fff45920000 - 0x00007fff460b3000 	C:\WINDOWS\SYSTEM32\windows.storage.dll
0x00007fff492a0000 - 0x00007fff495f4000 	C:\WINDOWS\System32\combase.dll
0x00007fff47250000 - 0x00007fff4727e000 	C:\WINDOWS\SYSTEM32\Wldp.dll
0x00007fff49f40000 - 0x00007fff49fed000 	C:\WINDOWS\System32\SHCORE.dll
0x00007fff49240000 - 0x00007fff49295000 	C:\WINDOWS\System32\shlwapi.dll
0x00007fff477a0000 - 0x00007fff477bf000 	C:\WINDOWS\SYSTEM32\profapi.dll
0x00007fff39580000 - 0x00007fff39599000 	C:\Users\shalu\.vscode\extensions\redhat.java-1.18.0-win32-x64\jre\17.0.7-win32-x86_64\bin\net.dll
0x00007fff3b9b0000 - 0x00007fff3baba000 	C:\WINDOWS\SYSTEM32\WINHTTP.dll
0x00007fff46fa0000 - 0x00007fff4700a000 	C:\WINDOWS\system32\mswsock.dll
0x00007fff37a00000 - 0x00007fff37a15000 	C:\Users\shalu\.vscode\extensions\redhat.java-1.18.0-win32-x64\jre\17.0.7-win32-x86_64\bin\nio.dll
0x00007fff44e10000 - 0x00007fff44e19000 	C:\Users\shalu\.vscode\extensions\redhat.java-1.18.0-win32-x64\jre\17.0.7-win32-x86_64\bin\management.dll
0x00007fff44e00000 - 0x00007fff44e0b000 	C:\Users\shalu\.vscode\extensions\redhat.java-1.18.0-win32-x64\jre\17.0.7-win32-x86_64\bin\management_ext.dll
0x00007fff48b50000 - 0x00007fff48b58000 	C:\WINDOWS\System32\PSAPI.DLL
0x00007fff3b140000 - 0x00007fff3b150000 	C:\Users\shalu\.vscode\extensions\redhat.java-1.18.0-win32-x64\jre\17.0.7-win32-x86_64\bin\verify.dll
0x00007fff471a0000 - 0x00007fff471b8000 	C:\WINDOWS\SYSTEM32\CRYPTSP.dll
0x00007fff46860000 - 0x00007fff46894000 	C:\WINDOWS\system32\rsaenh.dll
0x00007fff47f10000 - 0x00007fff47f37000 	C:\WINDOWS\System32\bcrypt.dll
0x00007fff47760000 - 0x00007fff4778e000 	C:\WINDOWS\SYSTEM32\USERENV.dll
0x00007fff471c0000 - 0x00007fff471cc000 	C:\WINDOWS\SYSTEM32\CRYPTBASE.dll
0x00007fff46ca0000 - 0x00007fff46cdc000 	C:\WINDOWS\SYSTEM32\IPHLPAPI.DLL
0x00007fff48cd0000 - 0x00007fff48cd8000 	C:\WINDOWS\System32\NSI.dll
0x00007fff3bc40000 - 0x00007fff3bc57000 	C:\WINDOWS\SYSTEM32\dhcpcsvc6.DLL
0x00007fff3bd10000 - 0x00007fff3bd2d000 	C:\WINDOWS\SYSTEM32\dhcpcsvc.DLL
0x00007fff46ce0000 - 0x00007fff46dab000 	C:\WINDOWS\SYSTEM32\DNSAPI.dll
0x00007fff44df0000 - 0x00007fff44dfe000 	C:\Users\shalu\.vscode\extensions\redhat.java-1.18.0-win32-x64\jre\17.0.7-win32-x86_64\bin\sunmscapi.dll
0x00007fff48000000 - 0x00007fff48156000 	C:\WINDOWS\System32\CRYPT32.dll
0x00007fff472c0000 - 0x00007fff472e8000 	C:\WINDOWS\SYSTEM32\ncrypt.dll
0x00007fff47280000 - 0x00007fff472bb000 	C:\WINDOWS\SYSTEM32\NTASN1.dll
0x00007fff3a080000 - 0x00007fff3a08a000 	C:\Windows\System32\rasadhlp.dll
0x00007fff3a0a0000 - 0x00007fff3a120000 	C:\WINDOWS\System32\fwpuclnt.dll
0x00007fff34880000 - 0x00007fff34887000 	C:\WINDOWS\system32\wshunix.dll

dbghelp: loaded successfully - version: 4.0.5 - missing functions: none
symbol engine: initialized successfully - sym options: 0x614 - pdb path: .;C:\Users\shalu\.vscode\extensions\redhat.java-1.18.0-win32-x64\jre\17.0.7-win32-x86_64\bin;C:\WINDOWS\SYSTEM32;C:\WINDOWS\WinSxS\amd64_microsoft.windows.common-controls_6595b64144ccf1df_6.0.19041.1110_none_60b5254171f9507e;C:\Users\shalu\.vscode\extensions\redhat.java-1.18.0-win32-x64\jre\17.0.7-win32-x86_64\bin\server

VM Arguments:
jvm_args: -XX:+ShowCodeDetailsInExceptionMessages 
java_command: com.covid.Covid19VaccinationApplication
java_class_path (initial): C:\Users\shalu\Desktop\experiment\target\classes;C:\Users\shalu\.m2\repository\org\springframework\boot\spring-boot-starter-data-jpa\3.0.6\spring-boot-starter-data-jpa-3.0.6.jar;C:\Users\shalu\.m2\repository\org\springframework\boot\spring-boot-starter-aop\3.0.6\spring-boot-starter-aop-3.0.6.jar;C:\Users\shalu\.m2\repository\org\springframework\spring-aop\6.0.8\spring-aop-6.0.8.jar;C:\Users\shalu\.m2\repository\org\aspectj\aspectjweaver\1.9.19\aspectjweaver-1.9.19.jar;C:\Users\shalu\.m2\repository\org\springframework\boot\spring-boot-starter-jdbc\3.0.6\spring-boot-starter-jdbc-3.0.6.jar;C:\Users\shalu\.m2\repository\com\zaxxer\HikariCP\5.0.1\HikariCP-5.0.1.jar;C:\Users\shalu\.m2\repository\org\springframework\spring-jdbc\6.0.8\spring-jdbc-6.0.8.jar;C:\Users\shalu\.m2\repository\org\hibernate\orm\hibernate-core\6.1.7.Final\hibernate-core-6.1.7.Final.jar;C:\Users\shalu\.m2\repository\jakarta\persistence\jakarta.persistence-api\3.1.0\jakarta.persistence-api-3.1.0.jar;C:\Users\shalu\.m2\repository\jakarta\transaction\jakarta.transaction-api\2.0.1\jakarta.transaction-api-2.0.1.jar;C:\Users\shalu\.m2\repository\org\jboss\logging\jboss-logging\3.5.0.Final\jboss-logging-3.5.0.Final.jar;C:\Users\shalu\.m2\repository\org\hibernate\common\hibernate-commons-annotations\6.0.6.Final\hibernate-commons-annotations-6.0.6.Final.jar;C:\Users\shalu\.m2\repository\org\jboss\jandex\2.4.2.Final\jandex-2.4.2.Final.jar;C:\Users\shalu\.m2\repository\com\fasterxml\classmate\1.5.1\classmate-1.5.1.jar;C:\Users\shalu\.m2\repository\net\bytebuddy\byte-buddy\1.12.23\byte-buddy-1.12.23.jar;C:\Users\shalu\.m2\repository\org\glassfish\jaxb\jaxb-runtime\4.0.2\jaxb-runtime-4.0.2.jar;C:\Users\shalu\.m2\repository\org\glassfish\jaxb\jaxb-core\4.0.2\jaxb-core-4.0.2.jar;C:\Users\shalu\.m2\repository\org\eclipse\angus\angus-activation\2.0.0\angus-activation-2.0.0.jar;C:\Users\shalu\.m2\repository\org\glassfish\jaxb\txw2\4.0.2\txw2-4.0.2.jar;C:\Users\shalu\.m2\repository\com\sun\
Launcher Type: SUN_STANDARD

[Global flags]
     intx CICompilerCount                          = 3                                         {product} {ergonomic}
     uint ConcGCThreads                            = 1                                         {product} {ergonomic}
     uint G1ConcRefinementThreads                  = 4                                         {product} {ergonomic}
   size_t G1HeapRegionSize                         = 1048576                                   {product} {ergonomic}
    uintx GCDrainStackTargetSize                   = 64                                        {product} {ergonomic}
   size_t InitialHeapSize                          = 62914560                                  {product} {ergonomic}
   size_t MarkStackSize                            = 4194304                                   {product} {ergonomic}
   size_t MaxHeapSize                              = 996147200                                 {product} {ergonomic}
   size_t MaxNewSize                               = 597688320                                 {product} {ergonomic}
   size_t MinHeapDeltaBytes                        = 1048576                                   {product} {ergonomic}
   size_t MinHeapSize                              = 8388608                                   {product} {ergonomic}
    uintx NonNMethodCodeHeapSize                   = 5832780                                {pd product} {ergonomic}
    uintx NonProfiledCodeHeapSize                  = 122912730                              {pd product} {ergonomic}
    uintx ProfiledCodeHeapSize                     = 122912730                              {pd product} {ergonomic}
    uintx ReservedCodeCacheSize                    = 251658240                              {pd product} {ergonomic}
     bool SegmentedCodeCache                       = true                                      {product} {ergonomic}
     bool ShowCodeDetailsInExceptionMessages       = true                                   {manageable} {command line}
   size_t SoftMaxHeapSize                          = 996147200                              {manageable} {ergonomic}
     bool UseCompressedClassPointers               = true                           {product lp64_product} {ergonomic}
     bool UseCompressedOops                        = true                           {product lp64_product} {ergonomic}
     bool UseG1GC                                  = true                                      {product} {ergonomic}
     bool UseLargePagesIndividualAllocation        = false                                  {pd product} {ergonomic}

Logging:
Log output configuration:
 #0: stdout all=warning uptime,level,tags
 #1: stderr all=off uptime,level,tags

Environment Variables:
JAVA_HOME=C:\Program Files\Java\jdk-19
PATH=C:\Program Files\Common Files\Oracle\Java\javapath;C:\Program Files (x86)\Common Files\Oracle\Java\javapath;C:\ProgramData\Oracle\Java\javapath;C:\WINDOWS\system32;C:\WINDOWS;C:\WINDOWS\System32\Wbem;C:\WINDOWS\System32\WindowsPowerShell\v1.0\;C:\WINDOWS\System32\OpenSSH\;C:\Program Files\Git\cmd;C:\Program Files\nodejs\;C:\Program Files\Java\jdk-19\bin;C:\Program Files\MySQL\MySQL Server 8.0\bin;E:\apache-maven-3.9.1-bin\apache-maven-3.9.1\bin;C:\Users\shalu\AppData\Local\Programs\Microsoft VS Code\bin
USERNAME=shalu
LANG=en_US.UTF-8
OS=Windows_NT
PROCESSOR_IDENTIFIER=Intel64 Family 6 Model 78 Stepping 3, GenuineIntel
TMP=C:\Users\shalu\AppData\Local\Temp
TEMP=C:\Users\shalu\AppData\Local\Temp



---------------  S Y S T E M  ---------------

OS:
 Windows 10 , 64 bit Build 19041 (10.0.19041.2788)
OS uptime: 1 days 4:39 hours

CPU: total 4 (initial active 4) (2 cores per cpu, 2 threads per core) family 6 model 78 stepping 3 microcode 0xcc, cx8, cmov, fxsr, ht, mmx, 3dnowpref, sse, sse2, sse3, ssse3, sse4.1, sse4.2, popcnt, lzcnt, tsc, tscinvbit, avx, avx2, aes, erms, clmul, bmi1, bmi2, rtm, adx, fma, vzeroupper, clflush, clflushopt

Memory: 4k page, system-wide physical 3795M (412M free)
TotalPageFile size 15571M (AvailPageFile size 285M)
current process WorkingSet (physical memory assigned to process): 216M, peak: 251M
current process commit charge ("private bytes"): 242M, peak: 276M

vm_info: OpenJDK 64-Bit Server VM (17.0.7+7) for windows-amd64 JRE (17.0.7+7), built on Apr 18 2023 22:10:42 by "temurin" with MS VC++ 16.7 (VS2019)

END.
